<?xml version="1.0" encoding="UTF-8"?>
<!-- Generated by org.testng.reporters.JUnitReportReporter -->
<testsuite skipped="0" hostname="Sasikala-PC" name="sample.NewTest" tests="1" failures="0" timestamp="26 Aug 2019 17:46:11 GMT" time="0.017" errors="0">
  <testcase name="f" time="0.017" classname="sample.NewTest"/>
</testsuite> <!-- sample.NewTest -->
