<?xml version="1.0" encoding="UTF-8"?>
<!-- Generated by org.testng.reporters.JUnitReportReporter -->
<testsuite skipped="0" hostname="Sasikala-PC" name="sample.TestNGcodeFirst" tests="1" failures="0" timestamp="21 Jul 2019 15:41:30 GMT" time="0.028" errors="0">
  <testcase name="displaymessage" time="0.028" classname="sample.TestNGcodeFirst"/>
</testsuite> <!-- sample.TestNGcodeFirst -->
